#
# A fatal error has been detected by the Java Runtime Environment:
#
#  EXCEPTION_STACK_OVERFLOW (0xc00000fd) at pc=0x00000000601a4ef7, pid=7556, tid=0x0000000000000464
#
# JRE version: Java(TM) SE Runtime Environment (8.0_211-b12) (build 1.8.0_211-b12)
# Java VM: Java HotSpot(TM) 64-Bit Server VM (25.211-b12 mixed mode windows-amd64 compressed oops)
# Problematic frame:
# V  [jvm.dll+0x214ef7]
#
# Failed to write core dump. Minidumps are not enabled by default on client versions of Windows
#
# If you would like to submit a bug report, please visit:
#   http://bugreport.java.com/bugreport/crash.jsp
#

---------------  T H R E A D  ---------------

Current thread (0x00000000174fe000):  JavaThread "JMX server connection timeout 57" daemon [_thread_in_vm, id=1124, stack(0x000000001e680000,0x000000001e780000)]

siginfo: ExceptionCode=0xc00000fd, ExceptionInformation=0x0000000000000001 0x000000001e77d610 

Registers:
RAX=0x000000001e77d610, RBX=0x0000000000000003, RCX=0x0000000000002000, RDX=0x0000000000000006
RSP=0x000000001e77f610, RBP=0x0000000000000000, RSI=0x000000001e77f610, RDI=0x0000000000000003
R8 =0x0000000000000006, R9 =0x000000001bc61680, R10=0x000000001466c570, R11=0x000000001e68a148
R12=0x000000001bc61680, R13=0x00000000174fe000, R14=0x000000001e77f6d8, R15=0x000000001466c570
RIP=0x00000000601a4ef7, EFLAGS=0x0000000000010202

Top of Stack: (sp=0x000000001e77f610)
0x000000001e77f610:   000000001bcd6670 0000000100006bd0
0x000000001e77f620:   00000000174fe000 000000001bc61680
0x000000001e77f630:   00000000ffffffff 00000000601a5e27
0x000000001e77f640:   000000001e77f740 000000001466c570
0x000000001e77f650:   00000000174fe000 00000000600510d3
0x000000001e77f660:   000000001e77f6a0 00000000174fe000
0x000000001e77f670:   000000001e77f730 00000000174fe000
0x000000001e77f680:   000000001466c570 00000000174fe000
0x000000001e77f690:   0000000002a33be0 00000000174fe000
0x000000001e77f6a0:   000000001466c570 00000000174fe000
0x000000001e77f6b0:   000000001466c570 00000000174fe000
0x000000001e77f6c0:   0000000000000001 000000001466c570
0x000000001e77f6d0:   00000000174fe000 000000001bceb190
0x000000001e77f6e0:   00000000174fe000 000000006005283d
0x000000001e77f6f0:   000000001e77f9f8 0000000100006bd0
0x000000001e77f700:   0000000100006bd0 00007ffef6f7dc73 

Instructions: (pc=0x00000000601a4ef7)
0x00000000601a4ed7:   48 89 6c 24 30 33 ed 66 90 e8 4b 5d 08 00 ff c3
0x00000000601a4ee7:   48 63 c8 48 8b c6 48 0f af cf 48 ff c7 48 2b c1
0x00000000601a4ef7:   89 28 48 63 c3 48 3b 05 a5 a9 59 00 7e db 48 8b
0x00000000601a4f07:   6c 24 30 48 8b 5c 24 38 48 8b 74 24 40 48 83 c4 


Register to memory mapping:

RAX=0x000000001e77d610 is pointing into the stack for thread: 0x00000000174fe000
RBX=0x0000000000000003 is an unknown value
RCX=0x0000000000002000 is an unknown value
RDX=0x0000000000000006 is an unknown value
RSP=0x000000001e77f610 is pointing into the stack for thread: 0x00000000174fe000
RBP=0x0000000000000000 is an unknown value
RSI=0x000000001e77f610 is pointing into the stack for thread: 0x00000000174fe000
RDI=0x0000000000000003 is an unknown value
R8 =0x0000000000000006 is an unknown value
R9 =0x000000001bc61680 is an unknown value
R10={method} {0x000000001466c578} 'run' '()V' in 'java/lang/Thread'
R11=0x000000001e68a148 is pointing into the stack for thread: 0x00000000174fe000
R12=0x000000001bc61680 is an unknown value
R13=0x00000000174fe000 is a thread
R14=0x000000001e77f6d8 is pointing into the stack for thread: 0x00000000174fe000
R15={method} {0x000000001466c578} 'run' '()V' in 'java/lang/Thread'


Stack: [0x000000001e680000,0x000000001e780000],  sp=0x000000001e77f610,  free space=1021k
Native frames: (J=compiled Java code, j=interpreted, Vv=VM code, C=native code)


---------------  P R O C E S S  ---------------

Java Threads: ( => current thread )
=>0x00000000174fe000 JavaThread "JMX server connection timeout 57" daemon [_thread_in_vm, id=1124, stack(0x000000001e680000,0x000000001e780000)]
  0x00000000174fe800 JavaThread "JMX server connection timeout 56" daemon [_thread_blocked, id=4764, stack(0x000000001e580000,0x000000001e680000)]
  0x000000001bcb9000 JavaThread "RMI TCP Connection(8)-127.0.0.1" daemon [_thread_blocked, id=2344, stack(0x000000001e480000,0x000000001e580000)]
  0x000000001bcb9800 JavaThread "RMI TCP Connection(7)-127.0.0.1" daemon [_thread_blocked, id=7372, stack(0x000000001e380000,0x000000001e480000)]
  0x000000001bcb8000 JavaThread "JMX server connection timeout 53" daemon [_thread_blocked, id=3212, stack(0x000000001e280000,0x000000001e380000)]
  0x000000001bcba800 JavaThread "RMI TCP Connection(6)-127.0.0.1" daemon [_thread_in_native, id=5448, stack(0x000000001e180000,0x000000001e280000)]
  0x000000001bcb4800 JavaThread "RMI TCP Connection(5)-127.0.0.1" daemon [_thread_in_native, id=6100, stack(0x000000001e080000,0x000000001e180000)]
  0x000000001bcb6800 JavaThread "JMX server connection timeout 50" daemon [_thread_blocked, id=7276, stack(0x00000000186e0000,0x00000000187e0000)]
  0x000000001bcb7800 JavaThread "RMI TCP Connection(4)-127.0.0.1" daemon [_thread_in_native, id=4728, stack(0x00000000185e0000,0x00000000186e0000)]
  0x000000001bcb3800 JavaThread "DestroyJavaVM" [_thread_blocked, id=5656, stack(0x0000000002780000,0x0000000002880000)]
  0x000000001bcb3000 JavaThread "http-nio-8080-Acceptor" daemon [_thread_in_native, id=5252, stack(0x000000001df80000,0x000000001e080000)]
  0x000000001bcb6000 JavaThread "http-nio-8080-ClientPoller" daemon [_thread_in_native, id=3140, stack(0x000000001de80000,0x000000001df80000)]
  0x000000001bcb5000 JavaThread "http-nio-8080-exec-10" daemon [_thread_blocked, id=2312, stack(0x000000001dd80000,0x000000001de80000)]
  0x000000001bcaf000 JavaThread "http-nio-8080-exec-9" daemon [_thread_blocked, id=5652, stack(0x000000001dc80000,0x000000001dd80000)]
  0x000000001bcb2000 JavaThread "http-nio-8080-exec-8" daemon [_thread_blocked, id=2596, stack(0x000000001db80000,0x000000001dc80000)]
  0x000000001bcb0800 JavaThread "http-nio-8080-exec-7" daemon [_thread_blocked, id=3516, stack(0x000000001da80000,0x000000001db80000)]
  0x000000001bcb0000 JavaThread "http-nio-8080-exec-6" daemon [_thread_blocked, id=5044, stack(0x000000001d980000,0x000000001da80000)]
  0x000000001bcb1800 JavaThread "http-nio-8080-exec-5" daemon [_thread_blocked, id=6812, stack(0x000000001d880000,0x000000001d980000)]
  0x000000001bcab800 JavaThread "http-nio-8080-exec-4" daemon [_thread_blocked, id=1552, stack(0x000000001d780000,0x000000001d880000)]
  0x000000001bcae800 JavaThread "http-nio-8080-exec-3" daemon [_thread_blocked, id=4692, stack(0x000000001d680000,0x000000001d780000)]
  0x000000001bcad000 JavaThread "http-nio-8080-exec-2" daemon [_thread_blocked, id=8064, stack(0x000000001d580000,0x000000001d680000)]
  0x000000001bcac000 JavaThread "http-nio-8080-exec-1" daemon [_thread_blocked, id=3476, stack(0x000000001d480000,0x000000001d580000)]
  0x000000001bcad800 JavaThread "http-nio-8080-BlockPoller" daemon [_thread_in_native, id=7640, stack(0x000000001d380000,0x000000001d480000)]
  0x0000000017501000 JavaThread "File Watcher" daemon [_thread_blocked, id=7240, stack(0x000000001d280000,0x000000001d380000)]
  0x0000000017501800 JavaThread "Live Reload Server" daemon [_thread_in_native, id=4320, stack(0x000000001cd80000,0x000000001ce80000)]
  0x0000000017502800 JavaThread "HikariPool-1 connection adder" daemon [_thread_blocked, id=1828, stack(0x000000001b2b0000,0x000000001b3b0000)]
  0x0000000017500000 JavaThread "HikariPool-1 housekeeper" daemon [_thread_blocked, id=4856, stack(0x000000001b1b0000,0x000000001b2b0000)]
  0x00000000174fd000 JavaThread "mysql-cj-abandoned-connection-cleanup" daemon [_thread_blocked, id=3788, stack(0x000000001adb0000,0x000000001aeb0000)]
  0x00000000174fc800 JavaThread "container-0" [_thread_blocked, id=4416, stack(0x000000001acb0000,0x000000001adb0000)]
  0x00000000174ff800 JavaThread "Catalina-utility-2" [_thread_blocked, id=3156, stack(0x000000001a0b0000,0x000000001a1b0000)]
  0x00000000174fb800 JavaThread "Catalina-utility-1" [_thread_blocked, id=2724, stack(0x00000000187e0000,0x00000000188e0000)]
  0x0000000017399800 JavaThread "JMX server connection timeout 19" daemon [_thread_blocked, id=4604, stack(0x00000000182e0000,0x00000000183e0000)]
  0x0000000017346800 JavaThread "RMI TCP Connection(3)-127.0.0.1" daemon [_thread_in_native, id=700, stack(0x00000000180f0000,0x00000000181f0000)]
  0x00000000172cf000 JavaThread "JMX server connection timeout 17" daemon [_thread_blocked, id=4148, stack(0x0000000017ff0000,0x00000000180f0000)]
  0x00000000172af000 JavaThread "RMI TCP Connection(2)-127.0.0.1" daemon [_thread_blocked, id=2732, stack(0x0000000017df0000,0x0000000017ef0000)]
  0x00000000172a9000 JavaThread "RMI Scheduler(0)" daemon [_thread_blocked, id=7432, stack(0x0000000017cf0000,0x0000000017df0000)]
  0x000000001729f000 JavaThread "RMI TCP Connection(1)-127.0.0.1" daemon [_thread_in_native, id=7028, stack(0x0000000017bf0000,0x0000000017cf0000)]
  0x000000001729e000 JavaThread "RMI TCP Accept-0" daemon [_thread_in_native, id=7284, stack(0x0000000017af0000,0x0000000017bf0000)]
  0x000000001729b000 JavaThread "RMI TCP Accept-52317" daemon [_thread_in_native, id=256, stack(0x00000000179f0000,0x0000000017af0000)]
  0x000000001728c000 JavaThread "RMI TCP Accept-0" daemon [_thread_blocked, id=800, stack(0x00000000178f0000,0x00000000179f0000)]
  0x0000000016940800 JavaThread "Service Thread" daemon [_thread_blocked, id=6940, stack(0x0000000016d10000,0x0000000016e10000)]
  0x0000000014ff8000 JavaThread "C1 CompilerThread2" daemon [_thread_blocked, id=2068, stack(0x0000000016810000,0x0000000016910000)]
  0x0000000014fe6000 JavaThread "C2 CompilerThread1" daemon [_thread_blocked, id=2620, stack(0x0000000016710000,0x0000000016810000)]
  0x0000000014fe4000 JavaThread "C2 CompilerThread0" daemon [_thread_blocked, id=1192, stack(0x0000000016610000,0x0000000016710000)]
  0x0000000014fe2800 JavaThread "Attach Listener" daemon [_thread_blocked, id=4948, stack(0x0000000016510000,0x0000000016610000)]
  0x0000000014fe1800 JavaThread "Signal Dispatcher" daemon [_thread_blocked, id=136, stack(0x0000000016410000,0x0000000016510000)]
  0x0000000014fca000 JavaThread "Finalizer" daemon [_thread_blocked, id=3408, stack(0x0000000016230000,0x0000000016330000)]
  0x0000000014fa9000 JavaThread "Reference Handler" daemon [_thread_blocked, id=4040, stack(0x0000000016130000,0x0000000016230000)]

Other Threads:
  0x0000000014fa7000 VMThread [stack: 0x0000000016030000,0x0000000016130000] [id=5112]
  0x00000000172b0000 WatcherThread [stack: 0x0000000017ef0000,0x0000000017ff0000] [id=4548]

VM state:synchronizing (normal execution)

VM Mutex/Monitor currently owned by a thread:  ([mutex/lock_event])
[0x0000000002921a50] Threads_lock - owner thread: 0x0000000014fa7000

heap address: 0x00000000c1e00000, size: 994 MB, Compressed Oops mode: 32-bit
Narrow klass base: 0x0000000000000000, Narrow klass shift: 3
Compressed class space size: 1073741824 Address: 0x0000000100000000

Heap:
 PSYoungGen      total 152064K, used 35098K [0x00000000eb500000, 0x00000000f8500000, 0x0000000100000000)
  eden space 139776K, 16% used [0x00000000eb500000,0x00000000ecb4d0b0,0x00000000f3d80000)
  from space 12288K, 99% used [0x00000000f3d80000,0x00000000f4979b00,0x00000000f4980000)
  to   space 16384K, 0% used [0x00000000f7500000,0x00000000f7500000,0x00000000f8500000)
 ParOldGen       total 56320K, used 24783K [0x00000000c1e00000, 0x00000000c5500000, 0x00000000eb500000)
  object space 56320K, 44% used [0x00000000c1e00000,0x00000000c3633f38,0x00000000c5500000)
 Metaspace       used 48734K, capacity 51284K, committed 51456K, reserved 1093632K
  class space    used 6925K, capacity 7396K, committed 7424K, reserved 1048576K

Card table byte_map: [0x0000000011de0000,0x0000000011fe0000] byte_map_base: 0x00000000117d1000

Marking Bits: (ParMarkBitMap*) 0x00000000607b5ce0
 Begin Bits: [0x0000000012530000, 0x00000000134b8000)
 End Bits:   [0x00000000134b8000, 0x0000000014440000)

Polling page: 0x0000000000ed0000

CodeCache: size=245760Kb used=7956Kb max_used=7956Kb free=237803Kb
 bounds [0x0000000002a20000, 0x00000000031f0000, 0x0000000011a20000]
 total_blobs=4425 nmethods=3883 adapters=452
 compilation: enabled

Compilation events (10 events):
Event: 5.344 Thread 0x0000000014ff8000 3879       1       java.io.ObjectStreamField::getTypeCode (9 bytes)
Event: 5.345 Thread 0x0000000014ff8000 nmethod 3879 0x00000000031e3150 code [0x00000000031e32c0, 0x00000000031e3488]
Event: 5.350 Thread 0x0000000014ff8000 3880   !   1       java.io.ObjectOutputStream::writeOrdinaryObject (175 bytes)
Event: 5.354 Thread 0x0000000014ff8000 nmethod 3880 0x00000000031e35d0 code [0x00000000031e37e0, 0x00000000031e3d28]
Event: 5.354 Thread 0x0000000014ff8000 3882       1       java.lang.Long::longValue (5 bytes)
Event: 5.354 Thread 0x0000000014ff8000 nmethod 3882 0x00000000031e4690 code [0x00000000031e47e0, 0x00000000031e48f0]
Event: 5.354 Thread 0x0000000014ff8000 3881       1       java.io.ObjectStreamClass::checkSerialize (20 bytes)
Event: 5.355 Thread 0x0000000014ff8000 nmethod 3881 0x00000000031e4950 code [0x00000000031e4ac0, 0x00000000031e4cd8]
Event: 5.365 Thread 0x0000000014ff8000 3883       1       java.util.Arrays::fill (21 bytes)
Event: 5.365 Thread 0x0000000014ff8000 nmethod 3883 0x00000000031e4e50 code [0x00000000031e4fa0, 0x00000000031e50b0]

GC Heap History (10 events):
Event: 1.915 GC heap before
{Heap before GC invocations=9 (full 1):
 PSYoungGen      total 71680K, used 64512K [0x00000000eb500000, 0x00000000f4100000, 0x0000000100000000)
  eden space 64512K, 100% used [0x00000000eb500000,0x00000000ef400000,0x00000000ef400000)
  from space 7168K, 0% used [0x00000000ef400000,0x00000000ef400000,0x00000000efb00000)
  to   space 7168K, 0% used [0x00000000f3a00000,0x00000000f3a00000,0x00000000f4100000)
 ParOldGen       total 35328K, used 10127K [0x00000000c1e00000, 0x00000000c4080000, 0x00000000eb500000)
  object space 35328K, 28% used [0x00000000c1e00000,0x00000000c27e3e20,0x00000000c4080000)
 Metaspace       used 22763K, capacity 23594K, committed 23936K, reserved 1069056K
  class space    used 3097K, capacity 3333K, committed 3456K, reserved 1048576K
Event: 1.920 GC heap after
Heap after GC invocations=9 (full 1):
 PSYoungGen      total 110592K, used 4930K [0x00000000eb500000, 0x00000000f3f00000, 0x0000000100000000)
  eden space 105472K, 0% used [0x00000000eb500000,0x00000000eb500000,0x00000000f1c00000)
  from space 5120K, 96% used [0x00000000f3a00000,0x00000000f3ed08d8,0x00000000f3f00000)
  to   space 7168K, 0% used [0x00000000f3100000,0x00000000f3100000,0x00000000f3800000)
 ParOldGen       total 35328K, used 10135K [0x00000000c1e00000, 0x00000000c4080000, 0x00000000eb500000)
  object space 35328K, 28% used [0x00000000c1e00000,0x00000000c27e5e20,0x00000000c4080000)
 Metaspace       used 22763K, capacity 23594K, committed 23936K, reserved 1069056K
  class space    used 3097K, capacity 3333K, committed 3456K, reserved 1048576K
}
Event: 2.766 GC heap before
{Heap before GC invocations=10 (full 1):
 PSYoungGen      total 110592K, used 110399K [0x00000000eb500000, 0x00000000f3f00000, 0x0000000100000000)
  eden space 105472K, 99% used [0x00000000eb500000,0x00000000f1bff5d0,0x00000000f1c00000)
  from space 5120K, 96% used [0x00000000f3a00000,0x00000000f3ed08d8,0x00000000f3f00000)
  to   space 7168K, 0% used [0x00000000f3100000,0x00000000f3100000,0x00000000f3800000)
 ParOldGen       total 35328K, used 10135K [0x00000000c1e00000, 0x00000000c4080000, 0x00000000eb500000)
  object space 35328K, 28% used [0x00000000c1e00000,0x00000000c27e5e20,0x00000000c4080000)
 Metaspace       used 28569K, capacity 30152K, committed 30464K, reserved 1075200K
  class space    used 3946K, capacity 4273K, committed 4352K, reserved 1048576K
Event: 2.779 GC heap after
Heap after GC invocations=10 (full 1):
 PSYoungGen      total 134144K, used 7155K [0x00000000eb500000, 0x00000000f5300000, 0x0000000100000000)
  eden space 126976K, 0% used [0x00000000eb500000,0x00000000eb500000,0x00000000f3100000)
  from space 7168K, 99% used [0x00000000f3100000,0x00000000f37fce58,0x00000000f3800000)
  to   space 9728K, 0% used [0x00000000f4980000,0x00000000f4980000,0x00000000f5300000)
 ParOldGen       total 35328K, used 14401K [0x00000000c1e00000, 0x00000000c4080000, 0x00000000eb500000)
  object space 35328K, 40% used [0x00000000c1e00000,0x00000000c2c107f0,0x00000000c4080000)
 Metaspace       used 28569K, capacity 30152K, committed 30464K, reserved 1075200K
  class space    used 3946K, capacity 4273K, committed 4352K, reserved 1048576K
}
Event: 3.334 GC heap before
{Heap before GC invocations=11 (full 1):
 PSYoungGen      total 134144K, used 94765K [0x00000000eb500000, 0x00000000f5300000, 0x0000000100000000)
  eden space 126976K, 68% used [0x00000000eb500000,0x00000000f0a8e5d0,0x00000000f3100000)
  from space 7168K, 99% used [0x00000000f3100000,0x00000000f37fce58,0x00000000f3800000)
  to   space 9728K, 0% used [0x00000000f4980000,0x00000000f4980000,0x00000000f5300000)
 ParOldGen       total 35328K, used 14401K [0x00000000c1e00000, 0x00000000c4080000, 0x00000000eb500000)
  object space 35328K, 40% used [0x00000000c1e00000,0x00000000c2c107f0,0x00000000c4080000)
 Metaspace       used 33617K, capacity 35336K, committed 35416K, reserved 1079296K
  class space    used 4522K, capacity 4841K, committed 4864K, reserved 1048576K
Event: 3.366 GC heap after
Heap after GC invocations=11 (full 1):
 PSYoungGen      total 149504K, used 9698K [0x00000000eb500000, 0x00000000f7480000, 0x0000000100000000)
  eden space 139776K, 0% used [0x00000000eb500000,0x00000000eb500000,0x00000000f3d80000)
  from space 9728K, 99% used [0x00000000f4980000,0x00000000f52f8bf0,0x00000000f5300000)
  to   space 12288K, 0% used [0x00000000f3d80000,0x00000000f3d80000,0x00000000f4980000)
 ParOldGen       total 35328K, used 18314K [0x00000000c1e00000, 0x00000000c4080000, 0x00000000eb500000)
  object space 35328K, 51% used [0x00000000c1e00000,0x00000000c2fe2a38,0x00000000c4080000)
 Metaspace       used 33617K, capacity 35336K, committed 35416K, reserved 1079296K
  class space    used 4522K, capacity 4841K, committed 4864K, reserved 1048576K
}
Event: 3.367 GC heap before
{Heap before GC invocations=12 (full 2):
 PSYoungGen      total 149504K, used 9698K [0x00000000eb500000, 0x00000000f7480000, 0x0000000100000000)
  eden space 139776K, 0% used [0x00000000eb500000,0x00000000eb500000,0x00000000f3d80000)
  from space 9728K, 99% used [0x00000000f4980000,0x00000000f52f8bf0,0x00000000f5300000)
  to   space 12288K, 0% used [0x00000000f3d80000,0x00000000f3d80000,0x00000000f4980000)
 ParOldGen       total 35328K, used 18314K [0x00000000c1e00000, 0x00000000c4080000, 0x00000000eb500000)
  object space 35328K, 51% used [0x00000000c1e00000,0x00000000c2fe2a38,0x00000000c4080000)
 Metaspace       used 33617K, capacity 35336K, committed 35416K, reserved 1079296K
  class space    used 4522K, capacity 4841K, committed 4864K, reserved 1048576K
Event: 3.474 GC heap after
Heap after GC invocations=12 (full 2):
 PSYoungGen      total 149504K, used 0K [0x00000000eb500000, 0x00000000f7480000, 0x0000000100000000)
  eden space 139776K, 0% used [0x00000000eb500000,0x00000000eb500000,0x00000000f3d80000)
  from space 9728K, 0% used [0x00000000f4980000,0x00000000f4980000,0x00000000f5300000)
  to   space 12288K, 0% used [0x00000000f3d80000,0x00000000f3d80000,0x00000000f4980000)
 ParOldGen       total 56320K, used 18318K [0x00000000c1e00000, 0x00000000c5500000, 0x00000000eb500000)
  object space 56320K, 32% used [0x00000000c1e00000,0x00000000c2fe3a58,0x00000000c5500000)
 Metaspace       used 33617K, capacity 35336K, committed 35416K, reserved 1079296K
  class space    used 4522K, capacity 4841K, committed 4864K, reserved 1048576K
}
Event: 5.087 GC heap before
{Heap before GC invocations=13 (full 2):
 PSYoungGen      total 149504K, used 139776K [0x00000000eb500000, 0x00000000f7480000, 0x0000000100000000)
  eden space 139776K, 100% used [0x00000000eb500000,0x00000000f3d80000,0x00000000f3d80000)
  from space 9728K, 0% used [0x00000000f4980000,0x00000000f4980000,0x00000000f5300000)
  to   space 12288K, 0% used [0x00000000f3d80000,0x00000000f3d80000,0x00000000f4980000)
 ParOldGen       total 56320K, used 18318K [0x00000000c1e00000, 0x00000000c5500000, 0x00000000eb500000)
  object space 56320K, 32% used [0x00000000c1e00000,0x00000000c2fe3a58,0x00000000c5500000)
 Metaspace       used 48134K, capacity 50656K, committed 50944K, reserved 1093632K
  class space    used 6826K, capacity 7306K, committed 7424K, reserved 1048576K
Event: 5.112 GC heap after
Heap after GC invocations=13 (full 2):
 PSYoungGen      total 152064K, used 12262K [0x00000000eb500000, 0x00000000f8500000, 0x0000000100000000)
  eden space 139776K, 0% used [0x00000000eb500000,0x00000000eb500000,0x00000000f3d80000)
  from space 12288K, 99% used [0x00000000f3d80000,0x00000000f4979b00,0x00000000f4980000)
  to   space 16384K, 0% used [0x00000000f7500000,0x00000000f7500000,0x00000000f8500000)
 ParOldGen       total 56320K, used 24783K [0x00000000c1e00000, 0x00000000c5500000, 0x00000000eb500000)
  object space 56320K, 44% used [0x00000000c1e00000,0x00000000c3633f38,0x00000000c5500000)
 Metaspace       used 48134K, capacity 50656K, committed 50944K, reserved 1093632K
  class space    used 6826K, capacity 7306K, committed 7424K, reserved 1048576K
}

Deoptimization events (0 events):
No events

Classes redefined (0 events):
No events

Internal exceptions (10 events):
Event: 4.975 Thread 0x00000000174fe800 Exception <a 'java/lang/ArrayIndexOutOfBoundsException'> (0x00000000f33cae98) thrown at [C:\re\workspace\8-2-build-windows-amd64-cygwin\jdk8u211\12973\hotspot\src\share\vm\runtime\sharedRuntime.cpp, line 605]
Event: 4.976 Thread 0x00000000174fe800 Exception <a 'java/lang/ArrayIndexOutOfBoundsException'> (0x00000000f33cc718) thrown at [C:\re\workspace\8-2-build-windows-amd64-cygwin\jdk8u211\12973\hotspot\src\share\vm\runtime\sharedRuntime.cpp, line 605]
Event: 4.976 Thread 0x00000000174fe800 Exception <a 'java/lang/ArrayIndexOutOfBoundsException'> (0x00000000f33d5150) thrown at [C:\re\workspace\8-2-build-windows-amd64-cygwin\jdk8u211\12973\hotspot\src\share\vm\runtime\sharedRuntime.cpp, line 605]
Event: 4.976 Thread 0x00000000174fe800 Exception <a 'java/lang/ArrayIndexOutOfBoundsException'> (0x00000000f33dbc70) thrown at [C:\re\workspace\8-2-build-windows-amd64-cygwin\jdk8u211\12973\hotspot\src\share\vm\runtime\sharedRuntime.cpp, line 605]
Event: 4.976 Thread 0x00000000174fe800 Exception <a 'java/lang/ArrayIndexOutOfBoundsException'> (0x00000000f33dd5c0) thrown at [C:\re\workspace\8-2-build-windows-amd64-cygwin\jdk8u211\12973\hotspot\src\share\vm\runtime\sharedRuntime.cpp, line 605]
Event: 4.976 Thread 0x00000000174fe800 Exception <a 'java/lang/ArrayIndexOutOfBoundsException'> (0x00000000f33dee00) thrown at [C:\re\workspace\8-2-build-windows-amd64-cygwin\jdk8u211\12973\hotspot\src\share\vm\runtime\sharedRuntime.cpp, line 605]
Event: 4.996 Thread 0x00000000174fe800 Exception <a 'java/lang/ArrayIndexOutOfBoundsException'> (0x00000000f3564b18) thrown at [C:\re\workspace\8-2-build-windows-amd64-cygwin\jdk8u211\12973\hotspot\src\share\vm\runtime\sharedRuntime.cpp, line 605]
Event: 5.051 Thread 0x00000000174fe800 Exception <a 'java/lang/ArrayIndexOutOfBoundsException'> (0x00000000f3a0ab10) thrown at [C:\re\workspace\8-2-build-windows-amd64-cygwin\jdk8u211\12973\hotspot\src\share\vm\runtime\sharedRuntime.cpp, line 605]
Event: 5.130 Thread 0x00000000174fe800 Exception <a 'java/lang/ArrayIndexOutOfBoundsException'> (0x00000000eb6da0f8) thrown at [C:\re\workspace\8-2-build-windows-amd64-cygwin\jdk8u211\12973\hotspot\src\share\vm\runtime\sharedRuntime.cpp, line 605]
Event: 5.140 Thread 0x00000000174fe800 Exception <a 'java/lang/ArrayIndexOutOfBoundsException'> (0x00000000eb798910) thrown at [C:\re\workspace\8-2-build-windows-amd64-cygwin\jdk8u211\12973\hotspot\src\share\vm\runtime\sharedRuntime.cpp, line 605]

Events (10 events):
Event: 5.358 Thread 0x000000001bcb9000 Thread added: 0x000000001bcb9000
Event: 5.359 Thread 0x00000000174fe800 Thread added: 0x00000000174fe800
Event: 5.361 Executing VM operation: RevokeBias
Event: 5.362 Executing VM operation: RevokeBias done
Event: 5.363 Executing VM operation: RevokeBias
Event: 5.363 Executing VM operation: RevokeBias done
Event: 5.363 Executing VM operation: RevokeBias
Event: 5.364 Executing VM operation: RevokeBias done
Event: 5.365 Thread 0x00000000174fe000 Thread added: 0x00000000174fe000
Event: 5.369 Executing VM operation: RevokeBias


Dynamic libraries:
0x00007ff678920000 - 0x00007ff678957000 	C:\Program Files\Java\jre1.8.0_211\bin\javaw.exe
0x00007ffef6f60000 - 0x00007ffef710c000 	C:\Windows\SYSTEM32\ntdll.dll
0x00007ffef4b90000 - 0x00007ffef4cce000 	C:\Windows\system32\KERNEL32.DLL
0x00007ffef4410000 - 0x00007ffef4525000 	C:\Windows\system32\KERNELBASE.dll
0x00007ffef2c50000 - 0x00007ffef2cde000 	C:\Windows\system32\apphelp.dll
0x00007ffee31f0000 - 0x00007ffee3243000 	C:\Windows\AppPatch\AppPatch64\AcGenral.DLL
0x00007ffef5400000 - 0x00007ffef54aa000 	C:\Windows\system32\msvcrt.dll
0x00007ffef3f50000 - 0x00007ffef3f7e000 	C:\Windows\SYSTEM32\SspiCli.dll
0x00007ffef4cd0000 - 0x00007ffef4d24000 	C:\Windows\system32\SHLWAPI.dll
0x00007ffef5710000 - 0x00007ffef5887000 	C:\Windows\system32\USER32.dll
0x00007ffef54b0000 - 0x00007ffef5644000 	C:\Windows\system32\ole32.dll
0x00007ffef58c0000 - 0x00007ffef6dd9000 	C:\Windows\system32\SHELL32.dll
0x00007ffef36d0000 - 0x00007ffef36f1000 	C:\Windows\SYSTEM32\USERENV.dll
0x00007ffef45e0000 - 0x00007ffef468a000 	C:\Windows\system32\ADVAPI32.dll
0x00007ffee9a60000 - 0x00007ffee9a7e000 	C:\Windows\SYSTEM32\MPR.dll
0x00007ffef4690000 - 0x00007ffef47d1000 	C:\Windows\system32\RPCRT4.dll
0x00007ffef6ef0000 - 0x00007ffef6f49000 	C:\Windows\SYSTEM32\sechost.dll
0x00007ffef4970000 - 0x00007ffef4b81000 	C:\Windows\SYSTEM32\combase.dll
0x00007ffef4f20000 - 0x00007ffef5071000 	C:\Windows\system32\GDI32.dll
0x00007ffef40b0000 - 0x00007ffef40c5000 	C:\Windows\SYSTEM32\profapi.dll
0x00007ffef2620000 - 0x00007ffef26d2000 	C:\Windows\SYSTEM32\SHCORE.dll
0x00007ffef6eb0000 - 0x00007ffef6ee6000 	C:\Windows\system32\IMM32.DLL
0x00007ffef52a0000 - 0x00007ffef53f3000 	C:\Windows\system32\MSCTF.dll
0x00007ffef1bf0000 - 0x00007ffef1e6b000 	C:\Windows\WinSxS\amd64_microsoft.windows.common-controls_6595b64144ccf1df_6.0.9600.17415_none_6240486fecbd8abb\COMCTL32.dll
0x000000005e780000 - 0x000000005e852000 	C:\Program Files\Java\jre1.8.0_211\bin\msvcr100.dll
0x000000005ff90000 - 0x0000000060835000 	C:\Program Files\Java\jre1.8.0_211\bin\server\jvm.dll
0x00007ffef2410000 - 0x00007ffef2419000 	C:\Windows\SYSTEM32\WSOCK32.dll
0x00007ffeef4b0000 - 0x00007ffeef4d2000 	C:\Windows\SYSTEM32\WINMM.dll
0x00007ffeef3f0000 - 0x00007ffeef3fa000 	C:\Windows\SYSTEM32\VERSION.dll
0x00007ffef6f50000 - 0x00007ffef6f57000 	C:\Windows\system32\PSAPI.DLL
0x00007ffef48a0000 - 0x00007ffef48fa000 	C:\Windows\system32\WS2_32.dll
0x00007ffeef480000 - 0x00007ffeef4aa000 	C:\Windows\SYSTEM32\WINMMBASE.dll
0x00007ffef5290000 - 0x00007ffef5299000 	C:\Windows\system32\NSI.dll
0x00007ffef4590000 - 0x00007ffef45df000 	C:\Windows\SYSTEM32\cfgmgr32.dll
0x00007ffef2ec0000 - 0x00007ffef2ee8000 	C:\Windows\SYSTEM32\DEVOBJ.dll
0x00007ffef2400000 - 0x00007ffef240f000 	C:\Program Files\Java\jre1.8.0_211\bin\verify.dll
0x00007ffeefad0000 - 0x00007ffeefaf9000 	C:\Program Files\Java\jre1.8.0_211\bin\java.dll
0x00007ffeefab0000 - 0x00007ffeefac6000 	C:\Program Files\Java\jre1.8.0_211\bin\zip.dll
0x00007ffef2bc0000 - 0x00007ffef2bcd000 	C:\Program Files\Java\jre1.8.0_211\bin\management.dll
0x00007ffeefa90000 - 0x00007ffeefaaa000 	C:\Program Files\Java\jre1.8.0_211\bin\net.dll
0x00007ffeede90000 - 0x00007ffeee016000 	C:\Windows\SYSTEM32\urlmon.dll
0x00007ffeedbc0000 - 0x00007ffeede87000 	C:\Windows\SYSTEM32\iertutil.dll
0x00007ffeed970000 - 0x00007ffeedbbb000 	C:\Windows\SYSTEM32\WININET.dll
0x00007ffef3990000 - 0x00007ffef39e9000 	C:\Windows\system32\mswsock.dll
0x00007ffeefa70000 - 0x00007ffeefa82000 	C:\Program Files\Java\jre1.8.0_211\bin\nio.dll
0x00007ffee16a0000 - 0x00007ffee16b5000 	C:\Windows\system32\napinsp.dll
0x00007ffee1a40000 - 0x00007ffee1a5a000 	C:\Windows\system32\pnrpnsp.dll
0x00007ffef0c50000 - 0x00007ffef0c6b000 	C:\Windows\system32\NLAapi.dll
0x00007ffef3790000 - 0x00007ffef3834000 	C:\Windows\SYSTEM32\DNSAPI.dll
0x00007ffee1a60000 - 0x00007ffee1a6d000 	C:\Windows\System32\winrnr.dll
0x00007ffeed400000 - 0x00007ffeed414000 	C:\Windows\system32\wshbth.dll
0x00007ffee88e0000 - 0x00007ffee88ea000 	C:\Windows\System32\rasadhlp.dll
0x00007ffeee890000 - 0x00007ffeee8ba000 	C:\Windows\SYSTEM32\IPHLPAPI.DLL
0x00007ffeee870000 - 0x00007ffeee87a000 	C:\Windows\SYSTEM32\WINNSI.DLL
0x00007ffeee4c0000 - 0x00007ffeee52b000 	C:\Windows\System32\fwpuclnt.dll
0x00007ffef39f0000 - 0x00007ffef3a10000 	C:\Windows\SYSTEM32\CRYPTSP.dll
0x00007ffef35c0000 - 0x00007ffef35f6000 	C:\Windows\system32\rsaenh.dll
0x00007ffef3c40000 - 0x00007ffef3c66000 	C:\Windows\SYSTEM32\bcrypt.dll
0x00007ffef3f80000 - 0x00007ffef3fe3000 	C:\Windows\system32\bcryptprimitives.dll
0x00007ffef3ff0000 - 0x00007ffef3ffb000 	C:\Windows\SYSTEM32\CRYPTBASE.dll
0x00007ffeee3e0000 - 0x00007ffeee3f6000 	C:\Windows\SYSTEM32\dhcpcsvc6.DLL
0x00007ffeee530000 - 0x00007ffeee54a000 	C:\Windows\SYSTEM32\dhcpcsvc.DLL

VM Arguments:
jvm_args: -Dcom.sun.management.jmxremote -Dcom.sun.management.jmxremote.port=52317 -Dcom.sun.management.jmxremote.authenticate=false -Dcom.sun.management.jmxremote.ssl=false -Djava.rmi.server.hostname=localhost -Dspring.jmx.enabled=true -Dspring.application.admin.enabled=true -Xverify:none -XX:TieredStopAtLevel=1 -Dfile.encoding=UTF-8 
java_command: com.Site.check.CheckApplication
java_class_path (initial): E:\check\target\classes;C:\Users\User\.m2\repository\org\springframework\boot\spring-boot-starter-data-jpa\2.1.7.RELEASE\spring-boot-starter-data-jpa-2.1.7.RELEASE.jar;C:\Users\User\.m2\repository\org\springframework\boot\spring-boot-starter-aop\2.1.7.RELEASE\spring-boot-starter-aop-2.1.7.RELEASE.jar;C:\Users\User\.m2\repository\org\springframework\spring-aop\5.1.9.RELEASE\spring-aop-5.1.9.RELEASE.jar;C:\Users\User\.m2\repository\org\aspectj\aspectjweaver\1.9.4\aspectjweaver-1.9.4.jar;C:\Users\User\.m2\repository\org\springframework\boot\spring-boot-starter-jdbc\2.1.7.RELEASE\spring-boot-starter-jdbc-2.1.7.RELEASE.jar;C:\Users\User\.m2\repository\com\zaxxer\HikariCP\3.2.0\HikariCP-3.2.0.jar;C:\Users\User\.m2\repository\org\springframework\spring-jdbc\5.1.9.RELEASE\spring-jdbc-5.1.9.RELEASE.jar;C:\Users\User\.m2\repository\javax\transaction\javax.transaction-api\1.3\javax.transaction-api-1.3.jar;C:\Users\User\.m2\repository\javax\xml\bind\jaxb-api\2.3.1\jaxb-api-2.3.1.jar;C:\Users\User\.m2\repository\javax\activation\javax.activation-api\1.2.0\javax.activation-api-1.2.0.jar;C:\Users\User\.m2\repository\org\hibernate\hibernate-core\5.3.10.Final\hibernate-core-5.3.10.Final.jar;C:\Users\User\.m2\repository\org\jboss\logging\jboss-logging\3.3.2.Final\jboss-logging-3.3.2.Final.jar;C:\Users\User\.m2\repository\javax\persistence\javax.persistence-api\2.2\javax.persistence-api-2.2.jar;C:\Users\User\.m2\repository\org\javassist\javassist\3.23.2-GA\javassist-3.23.2-GA.jar;C:\Users\User\.m2\repository\net\bytebuddy\byte-buddy\1.9.16\byte-buddy-1.9.16.jar;C:\Users\User\.m2\repository\antlr\antlr\2.7.7\antlr-2.7.7.jar;C:\Users\User\.m2\repository\org\jboss\jandex\2.0.5.Final\jandex-2.0.5.Final.jar;C:\Users\User\.m2\repository\com\fasterxml\classmate\1.4.0\classmate-1.4.0.jar;C:\Users\User\.m2\repository\org\dom4j\dom4j\2.1.1\dom4j-2.1.1.jar;C:\Users\User\.m2\repository\org\hibernate\common\hibernate-commons-annotations\5.0.4.Final\hibernate-commons-an
Launcher Type: SUN_STANDARD

Environment Variables:
PATH=C:/Program Files/Java/jre1.8.0_211/bin/server;C:/Program Files/Java/jre1.8.0_211/bin;C:/Program Files/Java/jre1.8.0_211/lib/amd64;C:\Program Files (x86)\Common Files\Oracle\Java\javapath;C:\Program Files\Microsoft MPI\Bin\;C:\Windows\system32;C:\Windows;C:\Windows\System32\Wbem;C:\Windows\System32\WindowsPowerShell\v1.0\;C:\Program Files (x86)\Microsoft SQL Server\140\Tools\Binn\;C:\Program Files\Microsoft SQL Server\140\Tools\Binn\;C:\Program Files (x86)\Microsoft SQL Server\140\DTS\Binn\;C:\Program Files\Microsoft SQL Server\140\DTS\Binn\;C:\Program Files\Microsoft SQL Server\Client SDK\ODBC\130\Tools\Binn\;C:\Program Files (x86)\Microsoft SQL Server\Client SDK\ODBC\130\Tools\Binn\;C:\Program Files (x86)\Microsoft SQL Server\140\Tools\Binn\ManagementStudio\;C:\Program Files\nodejs\;C:\Program Files\Git\cmd;C:\Users\User\AppData\Roaming\npm;E:\EclipseEE\eclipse;
USERNAME=User
OS=Windows_NT
PROCESSOR_IDENTIFIER=Intel64 Family 6 Model 58 Stepping 9, GenuineIntel



---------------  S Y S T E M  ---------------

OS: Windows 8.1 , 64 bit Build 9600 (6.3.9600.17415)

CPU:total 4 (initial active 4) (2 cores per cpu, 2 threads per core) family 6 model 58 stepping 9, cmov, cx8, fxsr, mmx, sse, sse2, sse3, ssse3, sse4.1, sse4.2, popcnt, avx, aes, clmul, erms, ht, tsc, tscinvbit, tscinv

Memory: 4k page, physical 4069544k(672156k free), swap 7215272k(4204k free)

vm_info: Java HotSpot(TM) 64-Bit Server VM (25.211-b12) for windows-amd64 JRE (1.8.0_211-b12), built on Apr  1 2019 20:53:26 by "java_re" with MS VC++ 10.0 (VS2010)

time: Wed Aug 21 20:27:31 2019
timezone: Sri Lanka Standard Time
elapsed time: 5 seconds (0d 0h 0m 5s)

